[0.111s] DEBUG:colcon:Command line arguments: ['/usr/bin/colcon', 'list', '-p', '--base-paths', '/home/dhiraj/Downloads/ros_ws']
[0.111s] DEBUG:colcon:Parsed command line arguments: Namespace(log_base=None, log_level=None, verb_name='list', build_base='build', ignore_user_meta=False, metas=['./colcon.meta'], base_paths=['/home/dhiraj/Downloads/ros_ws'], packages_ignore=None, packages_ignore_regex=None, paths=None, packages_up_to=None, packages_up_to_regex=None, packages_above=None, packages_above_and_dependencies=None, packages_above_depth=None, packages_select_by_dep=None, packages_skip_by_dep=None, packages_skip_up_to=None, packages_select_build_failed=False, packages_skip_build_finished=False, packages_select_test_failures=False, packages_skip_test_passed=False, packages_select=None, packages_skip=None, packages_select_regex=None, packages_skip_regex=None, packages_start=None, packages_end=None, allow_overriding=[], topological_order=False, names_only=False, paths_only=True, topological_graph=False, topological_graph_dot=False, topological_graph_density=False, topological_graph_legend=False, topological_graph_dot_cluster=False, topological_graph_dot_include_skipped=False, verb_parser=<colcon_defaults.argument_parser.defaults.DefaultArgumentsDecorator object at 0x709f96f56860>, verb_extension=<colcon_package_information.verb.list.ListVerb object at 0x709f96f55960>, main=<bound method ListVerb.main of <colcon_package_information.verb.list.ListVerb object at 0x709f96f55960>>)
[0.319s] Level 1:colcon.colcon_core.package_discovery:discover_packages(colcon_meta) check parameters
[0.319s] Level 1:colcon.colcon_core.package_discovery:discover_packages(recursive) check parameters
[0.319s] Level 1:colcon.colcon_core.package_discovery:discover_packages(ignore) check parameters
[0.319s] Level 1:colcon.colcon_core.package_discovery:discover_packages(path) check parameters
[0.319s] Level 1:colcon.colcon_core.package_discovery:discover_packages(recursive) discover
[0.319s] INFO:colcon.colcon_core.package_discovery:Crawling recursively for packages in '/home/dhiraj/Downloads/ros_ws'
[0.319s] Level 1:colcon.colcon_core.package_identification:_identify(/home/dhiraj/Downloads/ros_ws) by extensions ['ignore', 'ignore_ament_install']
[0.319s] Level 1:colcon.colcon_core.package_identification:_identify(/home/dhiraj/Downloads/ros_ws) by extension 'ignore'
[0.319s] Level 1:colcon.colcon_core.package_identification:_identify(/home/dhiraj/Downloads/ros_ws) by extension 'ignore_ament_install'
[0.319s] Level 1:colcon.colcon_core.package_identification:_identify(/home/dhiraj/Downloads/ros_ws) by extensions ['colcon_pkg']
[0.319s] Level 1:colcon.colcon_core.package_identification:_identify(/home/dhiraj/Downloads/ros_ws) by extension 'colcon_pkg'
[0.319s] Level 1:colcon.colcon_core.package_identification:_identify(/home/dhiraj/Downloads/ros_ws) by extensions ['colcon_meta']
[0.319s] Level 1:colcon.colcon_core.package_identification:_identify(/home/dhiraj/Downloads/ros_ws) by extension 'colcon_meta'
[0.320s] Level 1:colcon.colcon_core.package_identification:_identify(/home/dhiraj/Downloads/ros_ws) by extensions ['ros']
[0.320s] Level 1:colcon.colcon_core.package_identification:_identify(/home/dhiraj/Downloads/ros_ws) by extension 'ros'
[0.332s] Level 1:colcon.colcon_core.package_identification:_identify(/home/dhiraj/Downloads/ros_ws) by extensions ['cmake', 'python']
[0.333s] Level 1:colcon.colcon_core.package_identification:_identify(/home/dhiraj/Downloads/ros_ws) by extension 'cmake'
[0.333s] Level 1:colcon.colcon_core.package_identification:_identify(/home/dhiraj/Downloads/ros_ws) by extension 'python'
[0.333s] Level 1:colcon.colcon_core.package_identification:_identify(/home/dhiraj/Downloads/ros_ws) by extensions ['python_setup_py']
[0.333s] Level 1:colcon.colcon_core.package_identification:_identify(/home/dhiraj/Downloads/ros_ws) by extension 'python_setup_py'
[0.333s] Level 1:colcon.colcon_core.package_identification:_identify(/home/dhiraj/Downloads/ros_ws/build) by extensions ['ignore', 'ignore_ament_install']
[0.333s] Level 1:colcon.colcon_core.package_identification:_identify(/home/dhiraj/Downloads/ros_ws/build) by extension 'ignore'
[0.334s] Level 1:colcon.colcon_core.package_identification:_identify(/home/dhiraj/Downloads/ros_ws/build) by extension 'ignore_ament_install'
[0.334s] Level 1:colcon.colcon_core.package_identification:_identify(/home/dhiraj/Downloads/ros_ws/build) by extensions ['colcon_pkg']
[0.334s] Level 1:colcon.colcon_core.package_identification:_identify(/home/dhiraj/Downloads/ros_ws/build) by extension 'colcon_pkg'
[0.334s] Level 1:colcon.colcon_core.package_identification:_identify(/home/dhiraj/Downloads/ros_ws/build) by extensions ['colcon_meta']
[0.334s] Level 1:colcon.colcon_core.package_identification:_identify(/home/dhiraj/Downloads/ros_ws/build) by extension 'colcon_meta'
[0.334s] Level 1:colcon.colcon_core.package_identification:_identify(/home/dhiraj/Downloads/ros_ws/build) by extensions ['ros']
[0.334s] Level 1:colcon.colcon_core.package_identification:_identify(/home/dhiraj/Downloads/ros_ws/build) by extension 'ros'
[0.334s] Level 1:colcon.colcon_core.package_identification:_identify(/home/dhiraj/Downloads/ros_ws/build) ignored
[0.334s] Level 1:colcon.colcon_core.package_identification:_identify(/home/dhiraj/Downloads/ros_ws/devel) by extensions ['ignore', 'ignore_ament_install']
[0.334s] Level 1:colcon.colcon_core.package_identification:_identify(/home/dhiraj/Downloads/ros_ws/devel) by extension 'ignore'
[0.334s] Level 1:colcon.colcon_core.package_identification:_identify(/home/dhiraj/Downloads/ros_ws/devel) by extension 'ignore_ament_install'
[0.334s] Level 1:colcon.colcon_core.package_identification:_identify(/home/dhiraj/Downloads/ros_ws/devel) ignored
[0.334s] Level 1:colcon.colcon_core.package_identification:_identify(/home/dhiraj/Downloads/ros_ws/log) by extensions ['ignore', 'ignore_ament_install']
[0.335s] Level 1:colcon.colcon_core.package_identification:_identify(/home/dhiraj/Downloads/ros_ws/log) by extension 'ignore'
[0.335s] Level 1:colcon.colcon_core.package_identification:_identify(/home/dhiraj/Downloads/ros_ws/log) ignored
[0.335s] Level 1:colcon.colcon_core.package_identification:_identify(/home/dhiraj/Downloads/ros_ws/src) by extensions ['ignore', 'ignore_ament_install']
[0.335s] Level 1:colcon.colcon_core.package_identification:_identify(/home/dhiraj/Downloads/ros_ws/src) by extension 'ignore'
[0.335s] Level 1:colcon.colcon_core.package_identification:_identify(/home/dhiraj/Downloads/ros_ws/src) by extension 'ignore_ament_install'
[0.335s] Level 1:colcon.colcon_core.package_identification:_identify(/home/dhiraj/Downloads/ros_ws/src) by extensions ['colcon_pkg']
[0.335s] Level 1:colcon.colcon_core.package_identification:_identify(/home/dhiraj/Downloads/ros_ws/src) by extension 'colcon_pkg'
[0.335s] Level 1:colcon.colcon_core.package_identification:_identify(/home/dhiraj/Downloads/ros_ws/src) by extensions ['colcon_meta']
[0.335s] Level 1:colcon.colcon_core.package_identification:_identify(/home/dhiraj/Downloads/ros_ws/src) by extension 'colcon_meta'
[0.335s] Level 1:colcon.colcon_core.package_identification:_identify(/home/dhiraj/Downloads/ros_ws/src) by extensions ['ros']
[0.335s] Level 1:colcon.colcon_core.package_identification:_identify(/home/dhiraj/Downloads/ros_ws/src) by extension 'ros'
[0.335s] Level 1:colcon.colcon_core.package_identification:_identify(/home/dhiraj/Downloads/ros_ws/src) by extensions ['cmake', 'python']
[0.335s] Level 1:colcon.colcon_core.package_identification:_identify(/home/dhiraj/Downloads/ros_ws/src) by extension 'cmake'
[0.335s] Level 1:colcon.colcon_core.package_identification:_identify(/home/dhiraj/Downloads/ros_ws/src) by extension 'python'
[0.335s] Level 1:colcon.colcon_core.package_identification:_identify(/home/dhiraj/Downloads/ros_ws/src) by extensions ['python_setup_py']
[0.335s] Level 1:colcon.colcon_core.package_identification:_identify(/home/dhiraj/Downloads/ros_ws/src) by extension 'python_setup_py'
[0.335s] Level 1:colcon.colcon_core.package_identification:_identify(/home/dhiraj/Downloads/ros_ws/src/pluto-ros-package) by extensions ['ignore', 'ignore_ament_install']
[0.335s] Level 1:colcon.colcon_core.package_identification:_identify(/home/dhiraj/Downloads/ros_ws/src/pluto-ros-package) by extension 'ignore'
[0.336s] Level 1:colcon.colcon_core.package_identification:_identify(/home/dhiraj/Downloads/ros_ws/src/pluto-ros-package) by extension 'ignore_ament_install'
[0.336s] Level 1:colcon.colcon_core.package_identification:_identify(/home/dhiraj/Downloads/ros_ws/src/pluto-ros-package) by extensions ['colcon_pkg']
[0.336s] Level 1:colcon.colcon_core.package_identification:_identify(/home/dhiraj/Downloads/ros_ws/src/pluto-ros-package) by extension 'colcon_pkg'
[0.336s] Level 1:colcon.colcon_core.package_identification:_identify(/home/dhiraj/Downloads/ros_ws/src/pluto-ros-package) by extensions ['colcon_meta']
[0.336s] Level 1:colcon.colcon_core.package_identification:_identify(/home/dhiraj/Downloads/ros_ws/src/pluto-ros-package) by extension 'colcon_meta'
[0.336s] Level 1:colcon.colcon_core.package_identification:_identify(/home/dhiraj/Downloads/ros_ws/src/pluto-ros-package) by extensions ['ros']
[0.336s] Level 1:colcon.colcon_core.package_identification:_identify(/home/dhiraj/Downloads/ros_ws/src/pluto-ros-package) by extension 'ros'
[0.336s] Level 1:colcon.colcon_core.package_identification:_identify(/home/dhiraj/Downloads/ros_ws/src/pluto-ros-package) by extensions ['cmake', 'python']
[0.336s] Level 1:colcon.colcon_core.package_identification:_identify(/home/dhiraj/Downloads/ros_ws/src/pluto-ros-package) by extension 'cmake'
[0.336s] Level 1:colcon.colcon_core.package_identification:_identify(/home/dhiraj/Downloads/ros_ws/src/pluto-ros-package) by extension 'python'
[0.336s] Level 1:colcon.colcon_core.package_identification:_identify(/home/dhiraj/Downloads/ros_ws/src/pluto-ros-package) by extensions ['python_setup_py']
[0.336s] Level 1:colcon.colcon_core.package_identification:_identify(/home/dhiraj/Downloads/ros_ws/src/pluto-ros-package) by extension 'python_setup_py'
[0.336s] Level 1:colcon.colcon_core.package_identification:_identify(/home/dhiraj/Downloads/ros_ws/src/pluto-ros-package/pluto_drone) by extensions ['ignore', 'ignore_ament_install']
[0.336s] Level 1:colcon.colcon_core.package_identification:_identify(/home/dhiraj/Downloads/ros_ws/src/pluto-ros-package/pluto_drone) by extension 'ignore'
[0.336s] Level 1:colcon.colcon_core.package_identification:_identify(/home/dhiraj/Downloads/ros_ws/src/pluto-ros-package/pluto_drone) by extension 'ignore_ament_install'
[0.336s] Level 1:colcon.colcon_core.package_identification:_identify(/home/dhiraj/Downloads/ros_ws/src/pluto-ros-package/pluto_drone) by extensions ['colcon_pkg']
[0.336s] Level 1:colcon.colcon_core.package_identification:_identify(/home/dhiraj/Downloads/ros_ws/src/pluto-ros-package/pluto_drone) by extension 'colcon_pkg'
[0.336s] Level 1:colcon.colcon_core.package_identification:_identify(/home/dhiraj/Downloads/ros_ws/src/pluto-ros-package/pluto_drone) by extensions ['colcon_meta']
[0.336s] Level 1:colcon.colcon_core.package_identification:_identify(/home/dhiraj/Downloads/ros_ws/src/pluto-ros-package/pluto_drone) by extension 'colcon_meta'
[0.337s] Level 1:colcon.colcon_core.package_identification:_identify(/home/dhiraj/Downloads/ros_ws/src/pluto-ros-package/pluto_drone) by extensions ['ros']
[0.337s] Level 1:colcon.colcon_core.package_identification:_identify(/home/dhiraj/Downloads/ros_ws/src/pluto-ros-package/pluto_drone) by extension 'ros'
[0.341s] DEBUG:colcon.colcon_core.package_identification:Package '/home/dhiraj/Downloads/ros_ws/src/pluto-ros-package/pluto_drone' with type 'ros.catkin' and name 'pluto_drone'
[0.341s] Level 1:colcon.colcon_core.package_identification:_identify(/home/dhiraj/Downloads/ros_ws/src/pluto-ros-package/plutodrone) by extensions ['ignore', 'ignore_ament_install']
[0.341s] Level 1:colcon.colcon_core.package_identification:_identify(/home/dhiraj/Downloads/ros_ws/src/pluto-ros-package/plutodrone) by extension 'ignore'
[0.341s] Level 1:colcon.colcon_core.package_identification:_identify(/home/dhiraj/Downloads/ros_ws/src/pluto-ros-package/plutodrone) by extension 'ignore_ament_install'
[0.342s] Level 1:colcon.colcon_core.package_identification:_identify(/home/dhiraj/Downloads/ros_ws/src/pluto-ros-package/plutodrone) by extensions ['colcon_pkg']
[0.342s] Level 1:colcon.colcon_core.package_identification:_identify(/home/dhiraj/Downloads/ros_ws/src/pluto-ros-package/plutodrone) by extension 'colcon_pkg'
[0.342s] Level 1:colcon.colcon_core.package_identification:_identify(/home/dhiraj/Downloads/ros_ws/src/pluto-ros-package/plutodrone) by extensions ['colcon_meta']
[0.342s] Level 1:colcon.colcon_core.package_identification:_identify(/home/dhiraj/Downloads/ros_ws/src/pluto-ros-package/plutodrone) by extension 'colcon_meta'
[0.342s] Level 1:colcon.colcon_core.package_identification:_identify(/home/dhiraj/Downloads/ros_ws/src/pluto-ros-package/plutodrone) by extensions ['ros']
[0.342s] Level 1:colcon.colcon_core.package_identification:_identify(/home/dhiraj/Downloads/ros_ws/src/pluto-ros-package/plutodrone) by extension 'ros'
[0.343s] DEBUG:colcon.colcon_core.package_identification:Package '/home/dhiraj/Downloads/ros_ws/src/pluto-ros-package/plutodrone' with type 'ros.catkin' and name 'plutodrone'
[0.343s] Level 1:colcon.colcon_core.package_identification:_identify(/home/dhiraj/Downloads/ros_ws/src/pluto-ros-package/plutoserver) by extensions ['ignore', 'ignore_ament_install']
[0.343s] Level 1:colcon.colcon_core.package_identification:_identify(/home/dhiraj/Downloads/ros_ws/src/pluto-ros-package/plutoserver) by extension 'ignore'
[0.343s] Level 1:colcon.colcon_core.package_identification:_identify(/home/dhiraj/Downloads/ros_ws/src/pluto-ros-package/plutoserver) by extension 'ignore_ament_install'
[0.343s] Level 1:colcon.colcon_core.package_identification:_identify(/home/dhiraj/Downloads/ros_ws/src/pluto-ros-package/plutoserver) by extensions ['colcon_pkg']
[0.344s] Level 1:colcon.colcon_core.package_identification:_identify(/home/dhiraj/Downloads/ros_ws/src/pluto-ros-package/plutoserver) by extension 'colcon_pkg'
[0.344s] Level 1:colcon.colcon_core.package_identification:_identify(/home/dhiraj/Downloads/ros_ws/src/pluto-ros-package/plutoserver) by extensions ['colcon_meta']
[0.344s] Level 1:colcon.colcon_core.package_identification:_identify(/home/dhiraj/Downloads/ros_ws/src/pluto-ros-package/plutoserver) by extension 'colcon_meta'
[0.344s] Level 1:colcon.colcon_core.package_identification:_identify(/home/dhiraj/Downloads/ros_ws/src/pluto-ros-package/plutoserver) by extensions ['ros']
[0.344s] Level 1:colcon.colcon_core.package_identification:_identify(/home/dhiraj/Downloads/ros_ws/src/pluto-ros-package/plutoserver) by extension 'ros'
[0.345s] DEBUG:colcon.colcon_core.package_identification:Package '/home/dhiraj/Downloads/ros_ws/src/pluto-ros-package/plutoserver' with type 'ros.catkin' and name 'plutoserver'
[0.345s] Level 1:colcon.colcon_core.package_discovery:discover_packages(recursive) using defaults
